mobilinkdTNC/build/outputs/logs/manifest-merger-release-report.txt
-- Merging decision tree log ---
manifest
ADDED from src/main/AndroidManifest.xml:2:1-91:12
	package
		ADDED from src/main/AndroidManifest.xml:4:5-38
		INJECTED from src/main/AndroidManifest.xml
		INJECTED from src/main/AndroidManifest.xml
	android:versionName
		ADDED from src/main/AndroidManifest.xml:6:5-32
		INJECTED from src/main/AndroidManifest.xml
		INJECTED from src/main/AndroidManifest.xml
	xmlns:tools
		ADDED from src/main/AndroidManifest.xml:3:5-51
	android:versionCode
		ADDED from src/main/AndroidManifest.xml:5:5-29
		INJECTED from src/main/AndroidManifest.xml
		INJECTED from src/main/AndroidManifest.xml
	xmlns:android
		ADDED from src/main/AndroidManifest.xml:2:11-69
uses-sdk
ADDED from src/main/AndroidManifest.xml:8:5-10:41
MERGED from [MobilinkdTNC:library:unspecified] AndroidManifest.xml:7:5-9:41
MERGED from [com.android.support:appcompat-v7:23.4.0] AndroidManifest.xml:21:5-23:78
MERGED from [com.android.support:animated-vector-drawable:23.4.0] AndroidManifest.xml:5:5-44
MERGED from [com.android.support:support-vector-drawable:23.4.0] AndroidManifest.xml:5:5-43
MERGED from [com.android.support:gridlayout-v7:23.4.0] AndroidManifest.xml:20:5-43
MERGED from [com.android.support:support-v4:23.4.0] AndroidManifest.xml:20:5-43
	tools:overrideLibrary
		ADDED from [com.android.support:appcompat-v7:23.4.0] AndroidManifest.xml:23:9-75
	android:targetSdkVersion
		ADDED from src/main/AndroidManifest.xml:10:9-38
		INJECTED from src/main/AndroidManifest.xml
		INJECTED from src/main/AndroidManifest.xml
	android:minSdkVersion
		ADDED from src/main/AndroidManifest.xml:9:9-34
		INJECTED from src/main/AndroidManifest.xml
		INJECTED from src/main/AndroidManifest.xml
uses-permission#android.permission.READ_EXTERNAL_STORAGE
ADDED from src/main/AndroidManifest.xml:12:5-80
	android:name
		ADDED from src/main/AndroidManifest.xml:12:22-77
uses-permission#android.permission.BLUETOOTH_ADMIN
ADDED from src/main/AndroidManifest.xml:13:5-74
	android:name
		ADDED from src/main/AndroidManifest.xml:13:22-71
uses-permission#android.permission.BLUETOOTH
ADDED from src/main/AndroidManifest.xml:14:5-68
	android:name
		ADDED from src/main/AndroidManifest.xml:14:22-65
uses-permission#android.permission.INTERNET
ADDED from src/main/AndroidManifest.xml:15:5-67
	android:name
		ADDED from src/main/AndroidManifest.xml:15:22-64
uses-permission#android.permission.WAKE_LOCK
ADDED from src/main/AndroidManifest.xml:16:5-68
	android:name
		ADDED from src/main/AndroidManifest.xml:16:22-65
uses-feature#android.hardware.bluetooth_le
ADDED from src/main/AndroidManifest.xml:20:5-90
	android:required
		ADDED from src/main/AndroidManifest.xml:20:64-88
	android:name
		ADDED from src/main/AndroidManifest.xml:20:19-63
application
ADDED from src/main/AndroidManifest.xml:22:5-90:19
MERGED from [com.android.support:appcompat-v7:23.4.0] AndroidManifest.xml:25:5-20
MERGED from [com.android.support:animated-vector-drawable:23.4.0] AndroidManifest.xml:7:5-20
MERGED from [com.android.support:support-vector-drawable:23.4.0] AndroidManifest.xml:7:5-20
MERGED from [com.android.support:gridlayout-v7:23.4.0] AndroidManifest.xml:22:5-20
MERGED from [com.android.support:support-v4:23.4.0] AndroidManifest.xml:22:5-20
	android:label
		ADDED from src/main/AndroidManifest.xml:28:9-41
	android:supportsRtl
		ADDED from src/main/AndroidManifest.xml:25:9-35
	tools:ignore
		ADDED from src/main/AndroidManifest.xml:23:9-39
	android:allowBackup
		ADDED from src/main/AndroidManifest.xml:24:9-35
	android:icon
		ADDED from src/main/AndroidManifest.xml:27:9-45
	android:theme
		ADDED from src/main/AndroidManifest.xml:29:9-40
	android:name
		ADDED from src/main/AndroidManifest.xml:26:9-68
activity#com.mobilinkd.tncconfig.TncConfig
ADDED from src/main/AndroidManifest.xml:30:9-39:20
	android:label
		ADDED from src/main/AndroidManifest.xml:33:13-45
	android:theme
		ADDED from src/main/AndroidManifest.xml:32:13-53
	android:name
		ADDED from src/main/AndroidManifest.xml:31:13-61
intent-filter#android.intent.action.MAIN+android.intent.category.LAUNCHER
ADDED from src/main/AndroidManifest.xml:34:13-38:29
action#android.intent.action.MAIN
ADDED from src/main/AndroidManifest.xml:35:17-69
	android:name
		ADDED from src/main/AndroidManifest.xml:35:25-66
category#android.intent.category.LAUNCHER
ADDED from src/main/AndroidManifest.xml:37:17-77
	android:name
		ADDED from src/main/AndroidManifest.xml:37:27-74
activity#com.mobilinkd.tncconfig.DeviceListActivity
ADDED from src/main/AndroidManifest.xml:40:9-47:20
	android:label
		ADDED from src/main/AndroidManifest.xml:42:13-63
	android:parentActivityName
		ADDED from src/main/AndroidManifest.xml:43:13-75
	android:name
		ADDED from src/main/AndroidManifest.xml:41:13-70
meta-data#android.support.PARENT_ACTIVITY
ADDED from src/main/AndroidManifest.xml:44:13-46:69
	android:value
		ADDED from src/main/AndroidManifest.xml:46:17-66
	android:name
		ADDED from src/main/AndroidManifest.xml:45:17-63
activity#com.mobilinkd.tncconfig.FirmwareUpdateActivity
ADDED from src/main/AndroidManifest.xml:48:9-79:20
	android:label
		ADDED from src/main/AndroidManifest.xml:50:13-67
	android:theme
		ADDED from src/main/AndroidManifest.xml:51:13-51
	android:name
		ADDED from src/main/AndroidManifest.xml:49:13-74
intent-filter#android.intent.action.VIEW+android.intent.category.BROWSABLE+android.intent.category.DEFAULT
ADDED from src/main/AndroidManifest.xml:55:13-62:29
action#android.intent.action.VIEW
ADDED from src/main/AndroidManifest.xml:56:17-68
	android:name
		ADDED from src/main/AndroidManifest.xml:56:25-66
category#android.intent.category.DEFAULT
ADDED from src/main/AndroidManifest.xml:57:17-76
	android:name
		ADDED from src/main/AndroidManifest.xml:57:27-73
category#android.intent.category.BROWSABLE
ADDED from src/main/AndroidManifest.xml:58:17-78
	android:name
		ADDED from src/main/AndroidManifest.xml:58:27-75
data
ADDED from src/main/AndroidManifest.xml:59:17-47
	android:scheme
		ADDED from src/main/AndroidManifest.xml:59:23-44
activity#com.mobilinkd.tncconfig.AboutActivity
ADDED from src/main/AndroidManifest.xml:80:9-89:20
	android:label
		ADDED from src/main/AndroidManifest.xml:83:13-57
	android:parentActivityName
		ADDED from src/main/AndroidManifest.xml:84:13-75
	android:configChanges
		ADDED from src/main/AndroidManifest.xml:82:13-74
	android:theme
		ADDED from src/main/AndroidManifest.xml:85:13-51
	android:name
		ADDED from src/main/AndroidManifest.xml:81:13-65